<?xml version="1.0" encoding="UTF-8"?>
<!-- Generated by org.testng.reporters.JUnitXMLReporter -->
<testsuite hostname="DESKTOP-J1AL87L" ignored="0" name="IETest" tests="1" failures="0" timestamp="25 Dec 2019 10:03:10 GMT" time="1.558" errors="0">
  <testcase name="@BeforeTest BrowserInvoke" time="1.512" classname="com.csagroup.LoginTestcases.LoginCrossBrowser">
    <failure type="org.openqa.selenium.NoSuchWindowException" message="The specified window could not be found.
Build info: version: &amp;apos;3.141.59&amp;apos;, revision: &amp;apos;e82be7d358&amp;apos;, time: &amp;apos;2018-11-14T08:17:03&amp;apos;
System info: host: &amp;apos;DESKTOP-J1AL87L&amp;apos;, ip: &amp;apos;192.168.0.104&amp;apos;, os.name: &amp;apos;Windows 10&amp;apos;, os.arch: &amp;apos;amd64&amp;apos;, os.version: &amp;apos;10.0&amp;apos;, java.version: &amp;apos;1.8.0_171&amp;apos;
Driver info: org.openqa.selenium.edge.EdgeDriver
Capabilities {acceptInsecureCerts: false, browserName: MicrosoftEdge, browserVersion: 44.18362.449.0, javascriptEnabled: true, pageLoadStrategy: normal, platform: WINDOWS, platformName: WINDOWS, proxy: Proxy(), setWindowRect: false, timeouts: {implicit: 0, pageLoad: 300000, script: 30000}}
Session ID: 5D278B1C-4BE9-417C-A921-EA2CA7F52245">
      <![CDATA[org.openqa.selenium.NoSuchWindowException: The specified window could not be found.
Build info: version: '3.141.59', revision: 'e82be7d358', time: '2018-11-14T08:17:03'
System info: host: 'DESKTOP-J1AL87L', ip: '192.168.0.104', os.name: 'Windows 10', os.arch: 'amd64', os.version: '10.0', java.version: '1.8.0_171'
Driver info: org.openqa.selenium.edge.EdgeDriver
Capabilities {acceptInsecureCerts: false, browserName: MicrosoftEdge, browserVersion: 44.18362.449.0, javascriptEnabled: true, pageLoadStrategy: normal, platform: WINDOWS, platformName: WINDOWS, proxy: Proxy(), setWindowRect: false, timeouts: {implicit: 0, pageLoad: 300000, script: 30000}}
Session ID: 5D278B1C-4BE9-417C-A921-EA2CA7F52245
at org.openqa.selenium.remote.http.W3CHttpResponseCodec.createException(W3CHttpResponseCodec.java:187)
at org.openqa.selenium.remote.http.W3CHttpResponseCodec.decode(W3CHttpResponseCodec.java:122)
at org.openqa.selenium.remote.http.W3CHttpResponseCodec.decode(W3CHttpResponseCodec.java:49)
at org.openqa.selenium.remote.HttpCommandExecutor.execute(HttpCommandExecutor.java:158)
at org.openqa.selenium.remote.service.DriverCommandExecutor.execute(DriverCommandExecutor.java:83)
at org.openqa.selenium.remote.RemoteWebDriver.execute(RemoteWebDriver.java:552)
at org.openqa.selenium.remote.RemoteWebDriver.execute(RemoteWebDriver.java:609)
at org.openqa.selenium.remote.RemoteWebDriver$RemoteWebDriverOptions$RemoteWindow.maximize(RemoteWebDriver.java:837)
at com.csagroup.config.WebDriverManager.getDriver(WebDriverManager.java:46)
at com.csagroup.LoginTestcases.LoginCrossBrowser.BrowserInvoke(LoginCrossBrowser.java:21)
... Removed 28 stack frames]]>
    </failure>
  </testcase> <!-- @BeforeTest BrowserInvoke -->
  <testcase name="@AfterTest tearDown" time="0.0" classname="com.csagroup.LoginTestcases.LoginCrossBrowser">
    <skipped/>
  </testcase> <!-- @AfterTest tearDown -->
  <testcase name="Loginverify" time="0.0" classname="com.csagroup.LoginTestcases.LoginCrossBrowser">
    <skipped/>
  </testcase> <!-- Loginverify -->
</testsuite> <!-- IETest -->
