<?xml version="1.0" encoding="UTF-8"?>
<!-- Generated by org.testng.reporters.JUnitReportReporter -->
<testsuite skipped="0" hostname="LAPTOP-M6F29H3O" name="com.csagroup.HomePageTestCases.HomePageTest" tests="13" failures="1" timestamp="04 Mar 2020 14:15:45 GMT" time="1077.143" errors="1">
  <testcase name="homePageVerify" time="173.801" classname="com.csagroup.HomePageTestCases.HomePageTest"/>
  <testcase name="homePage_OnlineStore_DemandPurchases_Codes_Standards_Verify" time="152.425" classname="com.csagroup.HomePageTestCases.HomePageTest"/>
  <testcase name="homePage_OnlineStore_DemandPurchases_Training_Verify" time="166.829" classname="com.csagroup.HomePageTestCases.HomePageTest"/>
  <testcase name="homePage_OnlineStore_DemandPurchases_Supplementary_Products_Verify" time="166.749" classname="com.csagroup.HomePageTestCases.HomePageTest"/>
  <testcase name="homePage_Container_Objects_Verify" time="112.963" classname="com.csagroup.HomePageTestCases.HomePageTest"/>
  <testcase name="homePage_Standards_New_Releases_Verify" time="137.432" classname="com.csagroup.HomePageTestCases.HomePageTest"/>
  <testcase name="homePage_Selling_Products_Verify" time="0.790" classname="com.csagroup.HomePageTestCases.HomePageTest"/>
  <testcase name="homePage_Social_Icon_Verify" time="24.426" classname="com.csagroup.HomePageTestCases.HomePageTest">
    <failure type="java.lang.AssertionError" message="expected [CSA Group - Home | Facebook] but found [CSA Group - 566 photos - 5 reviews - Property - 178 Rexdale Boulevard, Toronto, Ontario M9W 1R3]">
      <![CDATA[java.lang.AssertionError: expected [CSA Group - Home | Facebook] but found [CSA Group - 566 photos - 5 reviews - Property - 178 Rexdale Boulevard, Toronto, Ontario M9W 1R3]
at org.testng.Assert.fail(Assert.java:96)
at org.testng.Assert.failNotEquals(Assert.java:776)
at org.testng.Assert.assertEqualsImpl(Assert.java:137)
at org.testng.Assert.assertEquals(Assert.java:118)
at org.testng.Assert.assertEquals(Assert.java:453)
at org.testng.Assert.assertEquals(Assert.java:463)
at com.csagroup.pageObjects.HomePage.verifySocial_Icon_Facebook_PageTitle(HomePage.java:212)
at com.csagroup.HomePageTestCases.HomePageTest.homePage_Social_Icon_Verify(HomePageTest.java:89)
at sun.reflect.NativeMethodAccessorImpl.invoke0(Native Method)
at sun.reflect.NativeMethodAccessorImpl.invoke(NativeMethodAccessorImpl.java:62)
at sun.reflect.DelegatingMethodAccessorImpl.invoke(DelegatingMethodAccessorImpl.java:43)
at java.lang.reflect.Method.invoke(Method.java:498)
at org.testng.internal.MethodInvocationHelper.invokeMethod(MethodInvocationHelper.java:124)
at org.testng.internal.Invoker.invokeMethod(Invoker.java:583)
at org.testng.internal.Invoker.invokeTestMethod(Invoker.java:719)
at org.testng.internal.Invoker.invokeTestMethods(Invoker.java:989)
at org.testng.internal.TestMethodWorker.invokeTestMethods(TestMethodWorker.java:125)
at org.testng.internal.TestMethodWorker.run(TestMethodWorker.java:109)
at org.testng.TestRunner.privateRun(TestRunner.java:648)
at org.testng.TestRunner.run(TestRunner.java:505)
at org.testng.SuiteRunner.runTest(SuiteRunner.java:455)
at org.testng.SuiteRunner.runSequentially(SuiteRunner.java:450)
at org.testng.SuiteRunner.privateRun(SuiteRunner.java:415)
at org.testng.SuiteRunner.run(SuiteRunner.java:364)
at org.testng.SuiteRunnerWorker.runSuite(SuiteRunnerWorker.java:52)
at org.testng.SuiteRunnerWorker.run(SuiteRunnerWorker.java:84)
at org.testng.TestNG.runSuitesSequentially(TestNG.java:1208)
at org.testng.TestNG.runSuitesLocally(TestNG.java:1137)
at org.testng.TestNG.runSuites(TestNG.java:1049)
at org.testng.TestNG.run(TestNG.java:1017)
at org.testng.remote.AbstractRemoteTestNG.run(AbstractRemoteTestNG.java:114)
at org.testng.remote.RemoteTestNG.initAndRun(RemoteTestNG.java:251)
at org.testng.remote.RemoteTestNG.main(RemoteTestNG.java:77)
]]>
    </failure>
  </testcase> <!-- homePage_Social_Icon_Verify -->
  <testcase name="homePage_Subscribe_TitleVerify" time="29.303" classname="com.csagroup.HomePageTestCases.HomePageTest"/>
  <testcase name="printAll_Footer_Menu_Links" time="4.422" classname="com.csagroup.HomePageTestCases.HomePageTest"/>
  <testcase name="homePage_Copyright_Verfity" time="34.096" classname="com.csagroup.HomePageTestCases.HomePageTest"/>
  <testcase name="homePage_print_All_tags" time="3.945" classname="com.csagroup.HomePageTestCases.HomePageTest"/>
  <testcase name="homePage_print_All_PLP_ElectricalCodes" time="69.962" classname="com.csagroup.HomePageTestCases.HomePageTest">
    <error type="org.openqa.selenium.TimeoutException" message="Expected condition failed: waiting for element to be clickable: By.xpath: (//button[@class=&#039;btn-go doSearchCSA&#039;])[1] (tried for 40 second(s) with 100 milliseconds interval)
Build info: version: &#039;3.141.59&#039;, revision: &#039;e82be7d358&#039;, time: &#039;2018-11-14T08:17:03&#039;
System info: host: &#039;LAPTOP-M6F29H3O&#039;, ip: &#039;192.168.0.105&#039;, os.name: &#039;Windows 10&#039;, os.arch: &#039;amd64&#039;, os.version: &#039;10.0&#039;, java.version: &#039;1.8.0_241&#039;
Driver info: org.openqa.selenium.chrome.ChromeDriver
Capabilities {acceptInsecureCerts: false, browserName: chrome, browserVersion: 80.0.3987.122, chrome: {chromedriverVersion: 79.0.3945.36 (3582db32b3389..., userDataDir: C:\Users\rames\AppData\Loca...}, goog:chromeOptions: {debuggerAddress: localhost:52295}, javascriptEnabled: true, networkConnectionEnabled: false, pageLoadStrategy: normal, platform: WINDOWS, platformName: WINDOWS, proxy: Proxy(), setWindowRect: true, strictFileInteractability: false, timeouts: {implicit: 0, pageLoad: 300000, script: 30000}, unhandledPromptBehavior: dismiss and notify}
Session ID: 27ca936730cf17523279e5ea2833634b">
      <![CDATA[org.openqa.selenium.TimeoutException: Expected condition failed: waiting for element to be clickable: By.xpath: (//button[@class='btn-go doSearchCSA'])[1] (tried for 40 second(s) with 100 milliseconds interval)
Build info: version: '3.141.59', revision: 'e82be7d358', time: '2018-11-14T08:17:03'
System info: host: 'LAPTOP-M6F29H3O', ip: '192.168.0.105', os.name: 'Windows 10', os.arch: 'amd64', os.version: '10.0', java.version: '1.8.0_241'
Driver info: org.openqa.selenium.chrome.ChromeDriver
Capabilities {acceptInsecureCerts: false, browserName: chrome, browserVersion: 80.0.3987.122, chrome: {chromedriverVersion: 79.0.3945.36 (3582db32b3389..., userDataDir: C:\Users\rames\AppData\Loca...}, goog:chromeOptions: {debuggerAddress: localhost:52295}, javascriptEnabled: true, networkConnectionEnabled: false, pageLoadStrategy: normal, platform: WINDOWS, platformName: WINDOWS, proxy: Proxy(), setWindowRect: true, strictFileInteractability: false, timeouts: {implicit: 0, pageLoad: 300000, script: 30000}, unhandledPromptBehavior: dismiss and notify}
Session ID: 27ca936730cf17523279e5ea2833634b
at org.openqa.selenium.support.ui.WebDriverWait.timeoutException(WebDriverWait.java:95)
at org.openqa.selenium.support.ui.FluentWait.until(FluentWait.java:272)
at com.csagroup.Actions.CSA_Actions.waitForElementToClick(CSA_Actions.java:65)
at com.csagroup.Actions.CSA_Actions.javaScriptClick(CSA_Actions.java:285)
at com.csagroup.pageObjects.HomePage.print_All_Electrical_Codes(HomePage.java:321)
at com.csagroup.HomePageTestCases.HomePageTest.homePage_print_All_PLP_ElectricalCodes(HomePageTest.java:119)
at sun.reflect.NativeMethodAccessorImpl.invoke0(Native Method)
at sun.reflect.NativeMethodAccessorImpl.invoke(NativeMethodAccessorImpl.java:62)
at sun.reflect.DelegatingMethodAccessorImpl.invoke(DelegatingMethodAccessorImpl.java:43)
at java.lang.reflect.Method.invoke(Method.java:498)
at org.testng.internal.MethodInvocationHelper.invokeMethod(MethodInvocationHelper.java:124)
at org.testng.internal.Invoker.invokeMethod(Invoker.java:583)
at org.testng.internal.Invoker.invokeTestMethod(Invoker.java:719)
at org.testng.internal.Invoker.invokeTestMethods(Invoker.java:989)
at org.testng.internal.TestMethodWorker.invokeTestMethods(TestMethodWorker.java:125)
at org.testng.internal.TestMethodWorker.run(TestMethodWorker.java:109)
at org.testng.TestRunner.privateRun(TestRunner.java:648)
at org.testng.TestRunner.run(TestRunner.java:505)
at org.testng.SuiteRunner.runTest(SuiteRunner.java:455)
at org.testng.SuiteRunner.runSequentially(SuiteRunner.java:450)
at org.testng.SuiteRunner.privateRun(SuiteRunner.java:415)
at org.testng.SuiteRunner.run(SuiteRunner.java:364)
at org.testng.SuiteRunnerWorker.runSuite(SuiteRunnerWorker.java:52)
at org.testng.SuiteRunnerWorker.run(SuiteRunnerWorker.java:84)
at org.testng.TestNG.runSuitesSequentially(TestNG.java:1208)
at org.testng.TestNG.runSuitesLocally(TestNG.java:1137)
at org.testng.TestNG.runSuites(TestNG.java:1049)
at org.testng.TestNG.run(TestNG.java:1017)
at org.testng.remote.AbstractRemoteTestNG.run(AbstractRemoteTestNG.java:114)
at org.testng.remote.RemoteTestNG.initAndRun(RemoteTestNG.java:251)
at org.testng.remote.RemoteTestNG.main(RemoteTestNG.java:77)
]]>
    </error>
  </testcase> <!-- homePage_print_All_PLP_ElectricalCodes -->
</testsuite> <!-- com.csagroup.HomePageTestCases.HomePageTest -->
